{"D:\\Dicoding Academy\\AWS\\EXPERT\\clean-auth-api\\src\\Commons\\AuthenticationError.js": {"path":"D:\\Dicoding Academy\\AWS\\EXPERT\\clean-auth-api\\src\\Commons\\AuthenticationError.js","statementMap":{"0":{"start":{"line":1,"column":20},"end":{"line":1,"column":44}},"1":{"start":{"line":5,"column":4},"end":{"line":5,"column":24}},"2":{"start":{"line":6,"column":4},"end":{"line":6,"column":38}},"3":{"start":{"line":10,"column":0},"end":{"line":10,"column":37}}},"fnMap":{"0":{"name":"(anonymous_0)","decl":{"start":{"line":4,"column":2},"end":{"line":4,"column":3}},"loc":{"start":{"line":4,"column":23},"end":{"line":7,"column":3}},"line":4}},"branchMap":{},"s":{"0":1,"1":1,"2":1,"3":1},"f":{"0":1},"b":{},"_coverageSchema":"1a1c01bbd47fc00a2c39e90264f33305004495a9","hash":"a7218f963a4e4a3898fdc468bb6b0dfc935135c8"}
,"D:\\Dicoding Academy\\AWS\\EXPERT\\clean-auth-api\\src\\Commons\\ClientError.js": {"path":"D:\\Dicoding Academy\\AWS\\EXPERT\\clean-auth-api\\src\\Commons\\ClientError.js","statementMap":{"0":{"start":{"line":3,"column":6},"end":{"line":3,"column":21}},"1":{"start":{"line":5,"column":6},"end":{"line":7,"column":7}},"2":{"start":{"line":6,"column":8},"end":{"line":6,"column":61}},"3":{"start":{"line":9,"column":6},"end":{"line":9,"column":35}},"4":{"start":{"line":10,"column":6},"end":{"line":10,"column":32}},"5":{"start":{"line":14,"column":2},"end":{"line":14,"column":31}}},"fnMap":{"0":{"name":"(anonymous_0)","decl":{"start":{"line":2,"column":4},"end":{"line":2,"column":5}},"loc":{"start":{"line":2,"column":43},"end":{"line":11,"column":5}},"line":2}},"branchMap":{"0":{"loc":{"start":{"line":2,"column":25},"end":{"line":2,"column":41}},"type":"default-arg","locations":[{"start":{"line":2,"column":38},"end":{"line":2,"column":41}}],"line":2},"1":{"loc":{"start":{"line":5,"column":6},"end":{"line":7,"column":7}},"type":"if","locations":[{"start":{"line":5,"column":6},"end":{"line":7,"column":7}},{"start":{},"end":{}}],"line":5}},"s":{"0":4,"1":4,"2":1,"3":3,"4":3,"5":4},"f":{"0":4},"b":{"0":[2],"1":[1,3]},"_coverageSchema":"1a1c01bbd47fc00a2c39e90264f33305004495a9","hash":"7088467685d12e8a991067a35143dbe74d304927"}
,"D:\\Dicoding Academy\\AWS\\EXPERT\\clean-auth-api\\src\\Commons\\InvariantError.js": {"path":"D:\\Dicoding Academy\\AWS\\EXPERT\\clean-auth-api\\src\\Commons\\InvariantError.js","statementMap":{"0":{"start":{"line":1,"column":20},"end":{"line":1,"column":44}},"1":{"start":{"line":5,"column":4},"end":{"line":5,"column":19}},"2":{"start":{"line":6,"column":4},"end":{"line":6,"column":33}},"3":{"start":{"line":10,"column":0},"end":{"line":10,"column":32}}},"fnMap":{"0":{"name":"(anonymous_0)","decl":{"start":{"line":4,"column":2},"end":{"line":4,"column":3}},"loc":{"start":{"line":4,"column":23},"end":{"line":7,"column":3}},"line":4}},"branchMap":{},"s":{"0":1,"1":1,"2":1,"3":1},"f":{"0":1},"b":{},"_coverageSchema":"1a1c01bbd47fc00a2c39e90264f33305004495a9","hash":"3a1383467390046f961ef7fd07be849d01460767"}
,"D:\\Dicoding Academy\\AWS\\EXPERT\\clean-auth-api\\src\\Commons\\NotFoundError.js": {"path":"D:\\Dicoding Academy\\AWS\\EXPERT\\clean-auth-api\\src\\Commons\\NotFoundError.js","statementMap":{"0":{"start":{"line":1,"column":20},"end":{"line":1,"column":44}},"1":{"start":{"line":5,"column":4},"end":{"line":5,"column":24}},"2":{"start":{"line":6,"column":4},"end":{"line":6,"column":32}},"3":{"start":{"line":10,"column":0},"end":{"line":10,"column":31}}},"fnMap":{"0":{"name":"(anonymous_0)","decl":{"start":{"line":4,"column":2},"end":{"line":4,"column":3}},"loc":{"start":{"line":4,"column":23},"end":{"line":7,"column":3}},"line":4}},"branchMap":{},"s":{"0":1,"1":1,"2":1,"3":1},"f":{"0":1},"b":{},"_coverageSchema":"1a1c01bbd47fc00a2c39e90264f33305004495a9","hash":"98284c0858151700d52f1322ce52b9097778569c"}
}
